Start testing: Nov 04 19:44 CST
----------------------------------------------------------
1/13 Testing: test-mpi-1
1/13 Test: test-mpi-1
Command: "/usr/bin/mpiexec" "-n" "1" "./test-mpi"
Directory: /home/research1/repos/kokkos-comm/build/unit_tests
"test-mpi-1" start time: Nov 04 19:44 CST
Output:
----------------------------------------------------------
Hello from rank 0/1
<end of output>
Test time =   0.34 sec
----------------------------------------------------------
Test Passed.
"test-mpi-1" end time: Nov 04 19:44 CST
"test-mpi-1" time elapsed: 00:00:00
----------------------------------------------------------

2/13 Testing: test-mpi-2
2/13 Test: test-mpi-2
Command: "/usr/bin/mpiexec" "-n" "2" "./test-mpi"
Directory: /home/research1/repos/kokkos-comm/build/unit_tests
"test-mpi-2" start time: Nov 04 19:44 CST
Output:
----------------------------------------------------------
Hello from rank 0/2
Hello from rank 1/2
<end of output>
Test time =   0.34 sec
----------------------------------------------------------
Test Passed.
"test-mpi-2" end time: Nov 04 19:44 CST
"test-mpi-2" time elapsed: 00:00:00
----------------------------------------------------------

3/13 Testing: test-gtest-mpi
3/13 Test: test-gtest-mpi
Command: "/usr/bin/mpiexec" "-n" "2" "./test-gtest-mpi"
Directory: /home/research1/repos/kokkos-comm/build/unit_tests
"test-gtest-mpi" start time: Nov 04 19:44 CST
Output:
----------------------------------------------------------
./test-gtest-mpi (KokkosComm 0.2.0) with 2 ranks
[0;32m[==========] [mRunning 6 tests from 1 test suite.
[0;32m[----------] [mGlobal test environment set-up.
[0;32m[----------] [m6 tests from TestGtest
[0;32m[ RUN      ] [mTestGtest.all_fail_nonfatal
[0;32m[       OK ] [mTestGtest.all_fail_nonfatal (0 ms)
[0;32m[ RUN      ] [mTestGtest.0_fail_nonfatal
[0;32m[       OK ] [mTestGtest.0_fail_nonfatal (0 ms)
[0;32m[ RUN      ] [mTestGtest.1_fail_nonfatal
[0;32m[       OK ] [mTestGtest.1_fail_nonfatal (0 ms)
[0;32m[ RUN      ] [mTestGtest.all_fail_fatal
[0;32m[       OK ] [mTestGtest.all_fail_fatal (0 ms)
[0;32m[ RUN      ] [mTestGtest.0_fail_fatal
[0;32m[       OK ] [mTestGtest.0_fail_fatal (0 ms)
[0;32m[ RUN      ] [mTestGtest.1_fail_fatal
[0;32m[       OK ] [mTestGtest.1_fail_fatal (0 ms)
[0;32m[----------] [m6 tests from TestGtest (0 ms total)

[0;32m[----------] [mGlobal test environment tear-down
[0;32m[==========] [m6 tests from 1 test suite ran. (0 ms total)
[0;32m[  PASSED  ] [m6 tests.
<end of output>
Test time =   0.34 sec
----------------------------------------------------------
Test Passed.
"test-gtest-mpi" end time: Nov 04 19:44 CST
"test-gtest-mpi" time elapsed: 00:00:00
----------------------------------------------------------

4/13 Testing: test-mpi-view-access
4/13 Test: test-mpi-view-access
Command: "/usr/bin/mpiexec" "-n" "2" "./test-mpi-view-access"
Directory: /home/research1/repos/kokkos-comm/build/unit_tests
"test-mpi-view-access" start time: Nov 04 19:44 CST
Output:
----------------------------------------------------------
./test-mpi-view-access (KokkosComm 0.2.0) with 2 ranks
[0;32m[==========] [mRunning 2 tests from 1 test suite.
[0;32m[----------] [mGlobal test environment set-up.
[0;32m[----------] [m2 tests from MpiViewAccess
[0;32m[ RUN      ] [mMpiViewAccess.MpiExtension
/home/research1/repos/kokkos-comm/unit_tests/mpi/test_mpi_view_access.cpp:51: Skipped
unable to check for CUDA-aware MPI

[0;32m[  SKIPPED ] [mMpiViewAccess.MpiExtension (0 ms)
[0;32m[ RUN      ] [mMpiViewAccess.Basic
recving buffer is 0x72dcfd1fd0c0-0x72dcfd9fd0c0
sending buffer is 0x7d33d0c270c0-0x7d33d14270c0
[0;32m[       OK ] [mMpiViewAccess.Basic (36 ms)
[0;32m[----------] [m2 tests from MpiViewAccess (36 ms total)

[0;32m[----------] [mGlobal test environment tear-down
[0;32m[==========] [m2 tests from 1 test suite ran. (36 ms total)
[0;32m[  PASSED  ] [m1 test.
[0;32m[  SKIPPED ] [m1 test, listed below:
[0;32m[  SKIPPED ] [mMpiViewAccess.MpiExtension
<end of output>
Test time =   0.43 sec
----------------------------------------------------------
Test Passed.
"test-mpi-view-access" end time: Nov 04 19:44 CST
"test-mpi-view-access" time elapsed: 00:00:00
----------------------------------------------------------

5/13 Testing: test-sendrecv
5/13 Test: test-sendrecv
Command: "/usr/bin/mpiexec" "-n" "2" "./test-sendrecv"
Directory: /home/research1/repos/kokkos-comm/build/unit_tests
"test-sendrecv" start time: Nov 04 19:44 CST
Output:
----------------------------------------------------------
./test-sendrecv (KokkosComm 0.2.0) with 2 ranks
[0;32m[==========] [mRunning 36 tests from 6 test suites.
[0;32m[----------] [mGlobal test environment set-up.
[0;32m[----------] [m6 tests from MpiSendRecv/0, where TypeParam = int
[0;32m[ RUN      ] [mMpiSendRecv/0.1D_contig_standard
[0;32m[       OK ] [mMpiSendRecv/0.1D_contig_standard (0 ms)
[0;32m[ RUN      ] [mMpiSendRecv/0.1D_contig_ready
/home/research1/repos/kokkos-comm/unit_tests/mpi/test_sendrecv.cpp:39: Skipped
Skipping test for ready-mode send

[0;32m[  SKIPPED ] [mMpiSendRecv/0.1D_contig_ready (0 ms)
[0;32m[ RUN      ] [mMpiSendRecv/0.1D_contig_synchronous
[0;32m[       OK ] [mMpiSendRecv/0.1D_contig_synchronous (0 ms)
[0;32m[ RUN      ] [mMpiSendRecv/0.1D_noncontig_standard
[0;32m[       OK ] [mMpiSendRecv/0.1D_noncontig_standard (0 ms)
[0;32m[ RUN      ] [mMpiSendRecv/0.1D_noncontig_ready
/home/research1/repos/kokkos-comm/unit_tests/mpi/test_sendrecv.cpp:69: Skipped
Skipping test for ready-mode send

[0;32m[  SKIPPED ] [mMpiSendRecv/0.1D_noncontig_ready (0 ms)
[0;32m[ RUN      ] [mMpiSendRecv/0.1D_noncontig_synchronous
[0;32m[       OK ] [mMpiSendRecv/0.1D_noncontig_synchronous (0 ms)
[0;32m[----------] [m6 tests from MpiSendRecv/0 (0 ms total)

[0;32m[----------] [m6 tests from MpiSendRecv/1, where TypeParam = long
[0;32m[ RUN      ] [mMpiSendRecv/1.1D_contig_standard
[0;32m[       OK ] [mMpiSendRecv/1.1D_contig_standard (0 ms)
[0;32m[ RUN      ] [mMpiSendRecv/1.1D_contig_ready
/home/research1/repos/kokkos-comm/unit_tests/mpi/test_sendrecv.cpp:39: Skipped
Skipping test for ready-mode send

[0;32m[  SKIPPED ] [mMpiSendRecv/1.1D_contig_ready (0 ms)
[0;32m[ RUN      ] [mMpiSendRecv/1.1D_contig_synchronous
[0;32m[       OK ] [mMpiSendRecv/1.1D_contig_synchronous (0 ms)
[0;32m[ RUN      ] [mMpiSendRecv/1.1D_noncontig_standard
[0;32m[       OK ] [mMpiSendRecv/1.1D_noncontig_standard (0 ms)
[0;32m[ RUN      ] [mMpiSendRecv/1.1D_noncontig_ready
/home/research1/repos/kokkos-comm/unit_tests/mpi/test_sendrecv.cpp:69: Skipped
Skipping test for ready-mode send

[0;32m[  SKIPPED ] [mMpiSendRecv/1.1D_noncontig_ready (0 ms)
[0;32m[ RUN      ] [mMpiSendRecv/1.1D_noncontig_synchronous
[0;32m[       OK ] [mMpiSendRecv/1.1D_noncontig_synchronous (0 ms)
[0;32m[----------] [m6 tests from MpiSendRecv/1 (0 ms total)

[0;32m[----------] [m6 tests from MpiSendRecv/2, where TypeParam = float
[0;32m[ RUN      ] [mMpiSendRecv/2.1D_contig_standard
[0;32m[       OK ] [mMpiSendRecv/2.1D_contig_standard (0 ms)
[0;32m[ RUN      ] [mMpiSendRecv/2.1D_contig_ready
/home/research1/repos/kokkos-comm/unit_tests/mpi/test_sendrecv.cpp:39: Skipped
Skipping test for ready-mode send

[0;32m[  SKIPPED ] [mMpiSendRecv/2.1D_contig_ready (0 ms)
[0;32m[ RUN      ] [mMpiSendRecv/2.1D_contig_synchronous
[0;32m[       OK ] [mMpiSendRecv/2.1D_contig_synchronous (0 ms)
[0;32m[ RUN      ] [mMpiSendRecv/2.1D_noncontig_standard
[0;32m[       OK ] [mMpiSendRecv/2.1D_noncontig_standard (0 ms)
[0;32m[ RUN      ] [mMpiSendRecv/2.1D_noncontig_ready
/home/research1/repos/kokkos-comm/unit_tests/mpi/test_sendrecv.cpp:69: Skipped
Skipping test for ready-mode send

[0;32m[  SKIPPED ] [mMpiSendRecv/2.1D_noncontig_ready (0 ms)
[0;32m[ RUN      ] [mMpiSendRecv/2.1D_noncontig_synchronous
[0;32m[       OK ] [mMpiSendRecv/2.1D_noncontig_synchronous (0 ms)
[0;32m[----------] [m6 tests from MpiSendRecv/2 (0 ms total)

[0;32m[----------] [m6 tests from MpiSendRecv/3, where TypeParam = double
[0;32m[ RUN      ] [mMpiSendRecv/3.1D_contig_standard
[0;32m[       OK ] [mMpiSendRecv/3.1D_contig_standard (0 ms)
[0;32m[ RUN      ] [mMpiSendRecv/3.1D_contig_ready
/home/research1/repos/kokkos-comm/unit_tests/mpi/test_sendrecv.cpp:39: Skipped
Skipping test for ready-mode send

[0;32m[  SKIPPED ] [mMpiSendRecv/3.1D_contig_ready (0 ms)
[0;32m[ RUN      ] [mMpiSendRecv/3.1D_contig_synchronous
[0;32m[       OK ] [mMpiSendRecv/3.1D_contig_synchronous (0 ms)
[0;32m[ RUN      ] [mMpiSendRecv/3.1D_noncontig_standard
[0;32m[       OK ] [mMpiSendRecv/3.1D_noncontig_standard (0 ms)
[0;32m[ RUN      ] [mMpiSendRecv/3.1D_noncontig_ready
/home/research1/repos/kokkos-comm/unit_tests/mpi/test_sendrecv.cpp:69: Skipped
Skipping test for ready-mode send

[0;32m[  SKIPPED ] [mMpiSendRecv/3.1D_noncontig_ready (0 ms)
[0;32m[ RUN      ] [mMpiSendRecv/3.1D_noncontig_synchronous
[0;32m[       OK ] [mMpiSendRecv/3.1D_noncontig_synchronous (0 ms)
[0;32m[----------] [m6 tests from MpiSendRecv/3 (0 ms total)

[0;32m[----------] [m6 tests from MpiSendRecv/4, where TypeParam = Kokkos::complex<float>
[0;32m[ RUN      ] [mMpiSendRecv/4.1D_contig_standard
[0;32m[       OK ] [mMpiSendRecv/4.1D_contig_standard (0 ms)
[0;32m[ RUN      ] [mMpiSendRecv/4.1D_contig_ready
/home/research1/repos/kokkos-comm/unit_tests/mpi/test_sendrecv.cpp:39: Skipped
Skipping test for ready-mode send

[0;32m[  SKIPPED ] [mMpiSendRecv/4.1D_contig_ready (0 ms)
[0;32m[ RUN      ] [mMpiSendRecv/4.1D_contig_synchronous
[0;32m[       OK ] [mMpiSendRecv/4.1D_contig_synchronous (0 ms)
[0;32m[ RUN      ] [mMpiSendRecv/4.1D_noncontig_standard
[0;32m[       OK ] [mMpiSendRecv/4.1D_noncontig_standard (0 ms)
[0;32m[ RUN      ] [mMpiSendRecv/4.1D_noncontig_ready
/home/research1/repos/kokkos-comm/unit_tests/mpi/test_sendrecv.cpp:69: Skipped
Skipping test for ready-mode send

[0;32m[  SKIPPED ] [mMpiSendRecv/4.1D_noncontig_ready (0 ms)
[0;32m[ RUN      ] [mMpiSendRecv/4.1D_noncontig_synchronous
[0;32m[       OK ] [mMpiSendRecv/4.1D_noncontig_synchronous (0 ms)
[0;32m[----------] [m6 tests from MpiSendRecv/4 (0 ms total)

[0;32m[----------] [m6 tests from MpiSendRecv/5, where TypeParam = Kokkos::complex<double>
[0;32m[ RUN      ] [mMpiSendRecv/5.1D_contig_standard
[0;32m[       OK ] [mMpiSendRecv/5.1D_contig_standard (0 ms)
[0;32m[ RUN      ] [mMpiSendRecv/5.1D_contig_ready
/home/research1/repos/kokkos-comm/unit_tests/mpi/test_sendrecv.cpp:39: Skipped
Skipping test for ready-mode send

[0;32m[  SKIPPED ] [mMpiSendRecv/5.1D_contig_ready (0 ms)
[0;32m[ RUN      ] [mMpiSendRecv/5.1D_contig_synchronous
[0;32m[       OK ] [mMpiSendRecv/5.1D_contig_synchronous (0 ms)
[0;32m[ RUN      ] [mMpiSendRecv/5.1D_noncontig_standard
[0;32m[       OK ] [mMpiSendRecv/5.1D_noncontig_standard (0 ms)
[0;32m[ RUN      ] [mMpiSendRecv/5.1D_noncontig_ready
/home/research1/repos/kokkos-comm/unit_tests/mpi/test_sendrecv.cpp:69: Skipped
Skipping test for ready-mode send

[0;32m[  SKIPPED ] [mMpiSendRecv/5.1D_noncontig_ready (0 ms)
[0;32m[ RUN      ] [mMpiSendRecv/5.1D_noncontig_synchronous
[0;32m[       OK ] [mMpiSendRecv/5.1D_noncontig_synchronous (0 ms)
[0;32m[----------] [m6 tests from MpiSendRecv/5 (0 ms total)

[0;32m[----------] [mGlobal test environment tear-down
[0;32m[==========] [m36 tests from 6 test suites ran. (1 ms total)
[0;32m[  PASSED  ] [m24 tests.
[0;32m[  SKIPPED ] [m12 tests, listed below:
[0;32m[  SKIPPED ] [mMpiSendRecv/0.1D_contig_ready
[0;32m[  SKIPPED ] [mMpiSendRecv/0.1D_noncontig_ready
[0;32m[  SKIPPED ] [mMpiSendRecv/1.1D_contig_ready
[0;32m[  SKIPPED ] [mMpiSendRecv/1.1D_noncontig_ready
[0;32m[  SKIPPED ] [mMpiSendRecv/2.1D_contig_ready
[0;32m[  SKIPPED ] [mMpiSendRecv/2.1D_noncontig_ready
[0;32m[  SKIPPED ] [mMpiSendRecv/3.1D_contig_ready
[0;32m[  SKIPPED ] [mMpiSendRecv/3.1D_noncontig_ready
[0;32m[  SKIPPED ] [mMpiSendRecv/4.1D_contig_ready
[0;32m[  SKIPPED ] [mMpiSendRecv/4.1D_noncontig_ready
[0;32m[  SKIPPED ] [mMpiSendRecv/5.1D_contig_ready
[0;32m[  SKIPPED ] [mMpiSendRecv/5.1D_noncontig_ready
<end of output>
Test time =   0.34 sec
----------------------------------------------------------
Test Passed.
"test-sendrecv" end time: Nov 04 19:44 CST
"test-sendrecv" time elapsed: 00:00:00
----------------------------------------------------------

6/13 Testing: test-isendrecv
6/13 Test: test-isendrecv
Command: "/usr/bin/mpiexec" "-n" "2" "./test-isendrecv"
Directory: /home/research1/repos/kokkos-comm/build/unit_tests
"test-isendrecv" start time: Nov 04 19:44 CST
Output:
----------------------------------------------------------
./test-isendrecv (KokkosComm 0.2.0) with 2 ranks
[0;32m[==========] [mRunning 48 tests from 8 test suites.
[0;32m[----------] [mGlobal test environment set-up.
[0;32m[----------] [m6 tests from IsendRecv/0, where TypeParam = float
[0;32m[ RUN      ] [mIsendRecv/0.1D_contig_standard
[0;32m[       OK ] [mIsendRecv/0.1D_contig_standard (0 ms)
[0;32m[ RUN      ] [mIsendRecv/0.1D_contig_ready
/home/research1/repos/kokkos-comm/unit_tests/mpi/test_isendrecv.cpp:40: Skipped
Skipping test for ready-mode send

[0;32m[  SKIPPED ] [mIsendRecv/0.1D_contig_ready (0 ms)
[0;32m[ RUN      ] [mIsendRecv/0.1D_contig_synchronous
[0;32m[       OK ] [mIsendRecv/0.1D_contig_synchronous (0 ms)
[0;32m[ RUN      ] [mIsendRecv/0.1D_noncontig_standard
[0;32m[       OK ] [mIsendRecv/0.1D_noncontig_standard (0 ms)
[0;32m[ RUN      ] [mIsendRecv/0.1D_noncontig_ready
/home/research1/repos/kokkos-comm/unit_tests/mpi/test_isendrecv.cpp:69: Skipped
Skipping test for ready-mode send

[0;32m[  SKIPPED ] [mIsendRecv/0.1D_noncontig_ready (0 ms)
[0;32m[ RUN      ] [mIsendRecv/0.1D_noncontig_synchronous
[0;32m[       OK ] [mIsendRecv/0.1D_noncontig_synchronous (0 ms)
[0;32m[----------] [m6 tests from IsendRecv/0 (0 ms total)

[0;32m[----------] [m6 tests from IsendRecv/1, where TypeParam = double
[0;32m[ RUN      ] [mIsendRecv/1.1D_contig_standard
[0;32m[       OK ] [mIsendRecv/1.1D_contig_standard (0 ms)
[0;32m[ RUN      ] [mIsendRecv/1.1D_contig_ready
/home/research1/repos/kokkos-comm/unit_tests/mpi/test_isendrecv.cpp:40: Skipped
Skipping test for ready-mode send

[0;32m[  SKIPPED ] [mIsendRecv/1.1D_contig_ready (0 ms)
[0;32m[ RUN      ] [mIsendRecv/1.1D_contig_synchronous
[0;32m[       OK ] [mIsendRecv/1.1D_contig_synchronous (0 ms)
[0;32m[ RUN      ] [mIsendRecv/1.1D_noncontig_standard
[0;32m[       OK ] [mIsendRecv/1.1D_noncontig_standard (0 ms)
[0;32m[ RUN      ] [mIsendRecv/1.1D_noncontig_ready
/home/research1/repos/kokkos-comm/unit_tests/mpi/test_isendrecv.cpp:69: Skipped
Skipping test for ready-mode send

[0;32m[  SKIPPED ] [mIsendRecv/1.1D_noncontig_ready (0 ms)
[0;32m[ RUN      ] [mIsendRecv/1.1D_noncontig_synchronous
[0;32m[       OK ] [mIsendRecv/1.1D_noncontig_synchronous (0 ms)
[0;32m[----------] [m6 tests from IsendRecv/1 (0 ms total)

[0;32m[----------] [m6 tests from IsendRecv/2, where TypeParam = Kokkos::complex<float>
[0;32m[ RUN      ] [mIsendRecv/2.1D_contig_standard
[0;32m[       OK ] [mIsendRecv/2.1D_contig_standard (0 ms)
[0;32m[ RUN      ] [mIsendRecv/2.1D_contig_ready
/home/research1/repos/kokkos-comm/unit_tests/mpi/test_isendrecv.cpp:40: Skipped
Skipping test for ready-mode send

[0;32m[  SKIPPED ] [mIsendRecv/2.1D_contig_ready (0 ms)
[0;32m[ RUN      ] [mIsendRecv/2.1D_contig_synchronous
[0;32m[       OK ] [mIsendRecv/2.1D_contig_synchronous (0 ms)
[0;32m[ RUN      ] [mIsendRecv/2.1D_noncontig_standard
[0;32m[       OK ] [mIsendRecv/2.1D_noncontig_standard (0 ms)
[0;32m[ RUN      ] [mIsendRecv/2.1D_noncontig_ready
/home/research1/repos/kokkos-comm/unit_tests/mpi/test_isendrecv.cpp:69: Skipped
Skipping test for ready-mode send

[0;32m[  SKIPPED ] [mIsendRecv/2.1D_noncontig_ready (0 ms)
[0;32m[ RUN      ] [mIsendRecv/2.1D_noncontig_synchronous
[0;32m[       OK ] [mIsendRecv/2.1D_noncontig_synchronous (0 ms)
[0;32m[----------] [m6 tests from IsendRecv/2 (0 ms total)

[0;32m[----------] [m6 tests from IsendRecv/3, where TypeParam = Kokkos::complex<double>
[0;32m[ RUN      ] [mIsendRecv/3.1D_contig_standard
[0;32m[       OK ] [mIsendRecv/3.1D_contig_standard (0 ms)
[0;32m[ RUN      ] [mIsendRecv/3.1D_contig_ready
/home/research1/repos/kokkos-comm/unit_tests/mpi/test_isendrecv.cpp:40: Skipped
Skipping test for ready-mode send

[0;32m[  SKIPPED ] [mIsendRecv/3.1D_contig_ready (0 ms)
[0;32m[ RUN      ] [mIsendRecv/3.1D_contig_synchronous
[0;32m[       OK ] [mIsendRecv/3.1D_contig_synchronous (0 ms)
[0;32m[ RUN      ] [mIsendRecv/3.1D_noncontig_standard
[0;32m[       OK ] [mIsendRecv/3.1D_noncontig_standard (0 ms)
[0;32m[ RUN      ] [mIsendRecv/3.1D_noncontig_ready
/home/research1/repos/kokkos-comm/unit_tests/mpi/test_isendrecv.cpp:69: Skipped
Skipping test for ready-mode send

[0;32m[  SKIPPED ] [mIsendRecv/3.1D_noncontig_ready (0 ms)
[0;32m[ RUN      ] [mIsendRecv/3.1D_noncontig_synchronous
[0;32m[       OK ] [mIsendRecv/3.1D_noncontig_synchronous (0 ms)
[0;32m[----------] [m6 tests from IsendRecv/3 (0 ms total)

[0;32m[----------] [m6 tests from IsendRecv/4, where TypeParam = int
[0;32m[ RUN      ] [mIsendRecv/4.1D_contig_standard
[0;32m[       OK ] [mIsendRecv/4.1D_contig_standard (0 ms)
[0;32m[ RUN      ] [mIsendRecv/4.1D_contig_ready
/home/research1/repos/kokkos-comm/unit_tests/mpi/test_isendrecv.cpp:40: Skipped
Skipping test for ready-mode send

[0;32m[  SKIPPED ] [mIsendRecv/4.1D_contig_ready (0 ms)
[0;32m[ RUN      ] [mIsendRecv/4.1D_contig_synchronous
[0;32m[       OK ] [mIsendRecv/4.1D_contig_synchronous (0 ms)
[0;32m[ RUN      ] [mIsendRecv/4.1D_noncontig_standard
[0;32m[       OK ] [mIsendRecv/4.1D_noncontig_standard (0 ms)
[0;32m[ RUN      ] [mIsendRecv/4.1D_noncontig_ready
/home/research1/repos/kokkos-comm/unit_tests/mpi/test_isendrecv.cpp:69: Skipped
Skipping test for ready-mode send

[0;32m[  SKIPPED ] [mIsendRecv/4.1D_noncontig_ready (0 ms)
[0;32m[ RUN      ] [mIsendRecv/4.1D_noncontig_synchronous
[0;32m[       OK ] [mIsendRecv/4.1D_noncontig_synchronous (0 ms)
[0;32m[----------] [m6 tests from IsendRecv/4 (0 ms total)

[0;32m[----------] [m6 tests from IsendRecv/5, where TypeParam = unsigned int
[0;32m[ RUN      ] [mIsendRecv/5.1D_contig_standard
[0;32m[       OK ] [mIsendRecv/5.1D_contig_standard (0 ms)
[0;32m[ RUN      ] [mIsendRecv/5.1D_contig_ready
/home/research1/repos/kokkos-comm/unit_tests/mpi/test_isendrecv.cpp:40: Skipped
Skipping test for ready-mode send

[0;32m[  SKIPPED ] [mIsendRecv/5.1D_contig_ready (0 ms)
[0;32m[ RUN      ] [mIsendRecv/5.1D_contig_synchronous
[0;32m[       OK ] [mIsendRecv/5.1D_contig_synchronous (0 ms)
[0;32m[ RUN      ] [mIsendRecv/5.1D_noncontig_standard
[0;32m[       OK ] [mIsendRecv/5.1D_noncontig_standard (0 ms)
[0;32m[ RUN      ] [mIsendRecv/5.1D_noncontig_ready
/home/research1/repos/kokkos-comm/unit_tests/mpi/test_isendrecv.cpp:69: Skipped
Skipping test for ready-mode send

[0;32m[  SKIPPED ] [mIsendRecv/5.1D_noncontig_ready (0 ms)
[0;32m[ RUN      ] [mIsendRecv/5.1D_noncontig_synchronous
[0;32m[       OK ] [mIsendRecv/5.1D_noncontig_synchronous (0 ms)
[0;32m[----------] [m6 tests from IsendRecv/5 (0 ms total)

[0;32m[----------] [m6 tests from IsendRecv/6, where TypeParam = long
[0;32m[ RUN      ] [mIsendRecv/6.1D_contig_standard
[0;32m[       OK ] [mIsendRecv/6.1D_contig_standard (0 ms)
[0;32m[ RUN      ] [mIsendRecv/6.1D_contig_ready
/home/research1/repos/kokkos-comm/unit_tests/mpi/test_isendrecv.cpp:40: Skipped
Skipping test for ready-mode send

[0;32m[  SKIPPED ] [mIsendRecv/6.1D_contig_ready (0 ms)
[0;32m[ RUN      ] [mIsendRecv/6.1D_contig_synchronous
[0;32m[       OK ] [mIsendRecv/6.1D_contig_synchronous (0 ms)
[0;32m[ RUN      ] [mIsendRecv/6.1D_noncontig_standard
[0;32m[       OK ] [mIsendRecv/6.1D_noncontig_standard (0 ms)
[0;32m[ RUN      ] [mIsendRecv/6.1D_noncontig_ready
/home/research1/repos/kokkos-comm/unit_tests/mpi/test_isendrecv.cpp:69: Skipped
Skipping test for ready-mode send

[0;32m[  SKIPPED ] [mIsendRecv/6.1D_noncontig_ready (0 ms)
[0;32m[ RUN      ] [mIsendRecv/6.1D_noncontig_synchronous
[0;32m[       OK ] [mIsendRecv/6.1D_noncontig_synchronous (0 ms)
[0;32m[----------] [m6 tests from IsendRecv/6 (0 ms total)

[0;32m[----------] [m6 tests from IsendRecv/7, where TypeParam = unsigned long
[0;32m[ RUN      ] [mIsendRecv/7.1D_contig_standard
[0;32m[       OK ] [mIsendRecv/7.1D_contig_standard (0 ms)
[0;32m[ RUN      ] [mIsendRecv/7.1D_contig_ready
/home/research1/repos/kokkos-comm/unit_tests/mpi/test_isendrecv.cpp:40: Skipped
Skipping test for ready-mode send

[0;32m[  SKIPPED ] [mIsendRecv/7.1D_contig_ready (0 ms)
[0;32m[ RUN      ] [mIsendRecv/7.1D_contig_synchronous
[0;32m[       OK ] [mIsendRecv/7.1D_contig_synchronous (0 ms)
[0;32m[ RUN      ] [mIsendRecv/7.1D_noncontig_standard
[0;32m[       OK ] [mIsendRecv/7.1D_noncontig_standard (0 ms)
[0;32m[ RUN      ] [mIsendRecv/7.1D_noncontig_ready
/home/research1/repos/kokkos-comm/unit_tests/mpi/test_isendrecv.cpp:69: Skipped
Skipping test for ready-mode send

[0;32m[  SKIPPED ] [mIsendRecv/7.1D_noncontig_ready (0 ms)
[0;32m[ RUN      ] [mIsendRecv/7.1D_noncontig_synchronous
[0;32m[       OK ] [mIsendRecv/7.1D_noncontig_synchronous (0 ms)
[0;32m[----------] [m6 tests from IsendRecv/7 (0 ms total)

[0;32m[----------] [mGlobal test environment tear-down
[0;32m[==========] [m48 tests from 8 test suites ran. (1 ms total)
[0;32m[  PASSED  ] [m32 tests.
[0;32m[  SKIPPED ] [m16 tests, listed below:
[0;32m[  SKIPPED ] [mIsendRecv/0.1D_contig_ready
[0;32m[  SKIPPED ] [mIsendRecv/0.1D_noncontig_ready
[0;32m[  SKIPPED ] [mIsendRecv/1.1D_contig_ready
[0;32m[  SKIPPED ] [mIsendRecv/1.1D_noncontig_ready
[0;32m[  SKIPPED ] [mIsendRecv/2.1D_contig_ready
[0;32m[  SKIPPED ] [mIsendRecv/2.1D_noncontig_ready
[0;32m[  SKIPPED ] [mIsendRecv/3.1D_contig_ready
[0;32m[  SKIPPED ] [mIsendRecv/3.1D_noncontig_ready
[0;32m[  SKIPPED ] [mIsendRecv/4.1D_contig_ready
[0;32m[  SKIPPED ] [mIsendRecv/4.1D_noncontig_ready
[0;32m[  SKIPPED ] [mIsendRecv/5.1D_contig_ready
[0;32m[  SKIPPED ] [mIsendRecv/5.1D_noncontig_ready
[0;32m[  SKIPPED ] [mIsendRecv/6.1D_contig_ready
[0;32m[  SKIPPED ] [mIsendRecv/6.1D_noncontig_ready
[0;32m[  SKIPPED ] [mIsendRecv/7.1D_contig_ready
[0;32m[  SKIPPED ] [mIsendRecv/7.1D_noncontig_ready
<end of output>
Test time =   0.34 sec
----------------------------------------------------------
Test Passed.
"test-isendrecv" end time: Nov 04 19:44 CST
"test-isendrecv" time elapsed: 00:00:00
----------------------------------------------------------

7/13 Testing: test-reduce
7/13 Test: test-reduce
Command: "/usr/bin/mpiexec" "-n" "2" "./test-reduce"
Directory: /home/research1/repos/kokkos-comm/build/unit_tests
"test-reduce" start time: Nov 04 19:44 CST
Output:
----------------------------------------------------------
./test-reduce (KokkosComm 0.2.0) with 2 ranks
[0;32m[==========] [mRunning 6 tests from 6 test suites.
[0;32m[----------] [mGlobal test environment set-up.
[0;32m[----------] [m1 test from Reduce/0, where TypeParam = int
[0;32m[ RUN      ] [mReduce/0.1D_contig
[0;32m[       OK ] [mReduce/0.1D_contig (0 ms)
[0;32m[----------] [m1 test from Reduce/0 (0 ms total)

[0;32m[----------] [m1 test from Reduce/1, where TypeParam = long
[0;32m[ RUN      ] [mReduce/1.1D_contig
[0;32m[       OK ] [mReduce/1.1D_contig (0 ms)
[0;32m[----------] [m1 test from Reduce/1 (0 ms total)

[0;32m[----------] [m1 test from Reduce/2, where TypeParam = float
[0;32m[ RUN      ] [mReduce/2.1D_contig
[0;32m[       OK ] [mReduce/2.1D_contig (0 ms)
[0;32m[----------] [m1 test from Reduce/2 (0 ms total)

[0;32m[----------] [m1 test from Reduce/3, where TypeParam = double
[0;32m[ RUN      ] [mReduce/3.1D_contig
[0;32m[       OK ] [mReduce/3.1D_contig (0 ms)
[0;32m[----------] [m1 test from Reduce/3 (0 ms total)

[0;32m[----------] [m1 test from Reduce/4, where TypeParam = Kokkos::complex<float>
[0;32m[ RUN      ] [mReduce/4.1D_contig
[0;32m[       OK ] [mReduce/4.1D_contig (0 ms)
[0;32m[----------] [m1 test from Reduce/4 (0 ms total)

[0;32m[----------] [m1 test from Reduce/5, where TypeParam = Kokkos::complex<double>
[0;32m[ RUN      ] [mReduce/5.1D_contig
[0;32m[       OK ] [mReduce/5.1D_contig (0 ms)
[0;32m[----------] [m1 test from Reduce/5 (0 ms total)

[0;32m[----------] [mGlobal test environment tear-down
[0;32m[==========] [m6 tests from 6 test suites ran. (0 ms total)
[0;32m[  PASSED  ] [m6 tests.
<end of output>
Test time =   0.35 sec
----------------------------------------------------------
Test Passed.
"test-reduce" end time: Nov 04 19:44 CST
"test-reduce" time elapsed: 00:00:00
----------------------------------------------------------

8/13 Testing: test-alltoall
8/13 Test: test-alltoall
Command: "/usr/bin/mpiexec" "-n" "2" "./test-alltoall"
Directory: /home/research1/repos/kokkos-comm/build/unit_tests
"test-alltoall" start time: Nov 04 19:44 CST
Output:
----------------------------------------------------------
./test-alltoall (KokkosComm 0.2.0) with 2 ranks
[0;32m[==========] [mRunning 12 tests from 6 test suites.
[0;32m[----------] [mGlobal test environment set-up.
[0;32m[----------] [m2 tests from Alltoall/0, where TypeParam = int
[0;32m[ RUN      ] [mAlltoall/0.1D_contig
[0;32m[       OK ] [mAlltoall/0.1D_contig (0 ms)
[0;32m[ RUN      ] [mAlltoall/0.1D_inplace_contig
[0;32m[       OK ] [mAlltoall/0.1D_inplace_contig (0 ms)
[0;32m[----------] [m2 tests from Alltoall/0 (0 ms total)

[0;32m[----------] [m2 tests from Alltoall/1, where TypeParam = long
[0;32m[ RUN      ] [mAlltoall/1.1D_contig
[0;32m[       OK ] [mAlltoall/1.1D_contig (0 ms)
[0;32m[ RUN      ] [mAlltoall/1.1D_inplace_contig
[0;32m[       OK ] [mAlltoall/1.1D_inplace_contig (0 ms)
[0;32m[----------] [m2 tests from Alltoall/1 (0 ms total)

[0;32m[----------] [m2 tests from Alltoall/2, where TypeParam = float
[0;32m[ RUN      ] [mAlltoall/2.1D_contig
[0;32m[       OK ] [mAlltoall/2.1D_contig (0 ms)
[0;32m[ RUN      ] [mAlltoall/2.1D_inplace_contig
[0;32m[       OK ] [mAlltoall/2.1D_inplace_contig (0 ms)
[0;32m[----------] [m2 tests from Alltoall/2 (0 ms total)

[0;32m[----------] [m2 tests from Alltoall/3, where TypeParam = double
[0;32m[ RUN      ] [mAlltoall/3.1D_contig
[0;32m[       OK ] [mAlltoall/3.1D_contig (0 ms)
[0;32m[ RUN      ] [mAlltoall/3.1D_inplace_contig
[0;32m[       OK ] [mAlltoall/3.1D_inplace_contig (0 ms)
[0;32m[----------] [m2 tests from Alltoall/3 (0 ms total)

[0;32m[----------] [m2 tests from Alltoall/4, where TypeParam = Kokkos::complex<float>
[0;32m[ RUN      ] [mAlltoall/4.1D_contig
[0;32m[       OK ] [mAlltoall/4.1D_contig (0 ms)
[0;32m[ RUN      ] [mAlltoall/4.1D_inplace_contig
[0;32m[       OK ] [mAlltoall/4.1D_inplace_contig (0 ms)
[0;32m[----------] [m2 tests from Alltoall/4 (0 ms total)

[0;32m[----------] [m2 tests from Alltoall/5, where TypeParam = Kokkos::complex<double>
[0;32m[ RUN      ] [mAlltoall/5.1D_contig
[0;32m[       OK ] [mAlltoall/5.1D_contig (0 ms)
[0;32m[ RUN      ] [mAlltoall/5.1D_inplace_contig
[0;32m[       OK ] [mAlltoall/5.1D_inplace_contig (0 ms)
[0;32m[----------] [m2 tests from Alltoall/5 (0 ms total)

[0;32m[----------] [mGlobal test environment tear-down
[0;32m[==========] [m12 tests from 6 test suites ran. (0 ms total)
[0;32m[  PASSED  ] [m12 tests.
<end of output>
Test time =   0.34 sec
----------------------------------------------------------
Test Passed.
"test-alltoall" end time: Nov 04 19:44 CST
"test-alltoall" time elapsed: 00:00:00
----------------------------------------------------------

9/13 Testing: test-allgather
9/13 Test: test-allgather
Command: "/usr/bin/mpiexec" "-n" "2" "./test-allgather"
Directory: /home/research1/repos/kokkos-comm/build/unit_tests
"test-allgather" start time: Nov 04 19:44 CST
Output:
----------------------------------------------------------
./test-allgather (KokkosComm 0.2.0) with 2 ranks
[0;32m[==========] [mRunning 12 tests from 6 test suites.
[0;32m[----------] [mGlobal test environment set-up.
[0;32m[----------] [m2 tests from Allgather/0, where TypeParam = int
[0;32m[ RUN      ] [mAllgather/0.0D
[0;32m[       OK ] [mAllgather/0.0D (0 ms)
[0;32m[ RUN      ] [mAllgather/0.1D_contig
[0;32m[       OK ] [mAllgather/0.1D_contig (0 ms)
[0;32m[----------] [m2 tests from Allgather/0 (0 ms total)

[0;32m[----------] [m2 tests from Allgather/1, where TypeParam = long
[0;32m[ RUN      ] [mAllgather/1.0D
[0;32m[       OK ] [mAllgather/1.0D (0 ms)
[0;32m[ RUN      ] [mAllgather/1.1D_contig
[0;32m[       OK ] [mAllgather/1.1D_contig (0 ms)
[0;32m[----------] [m2 tests from Allgather/1 (0 ms total)

[0;32m[----------] [m2 tests from Allgather/2, where TypeParam = float
[0;32m[ RUN      ] [mAllgather/2.0D
[0;32m[       OK ] [mAllgather/2.0D (0 ms)
[0;32m[ RUN      ] [mAllgather/2.1D_contig
[0;32m[       OK ] [mAllgather/2.1D_contig (0 ms)
[0;32m[----------] [m2 tests from Allgather/2 (0 ms total)

[0;32m[----------] [m2 tests from Allgather/3, where TypeParam = double
[0;32m[ RUN      ] [mAllgather/3.0D
[0;32m[       OK ] [mAllgather/3.0D (0 ms)
[0;32m[ RUN      ] [mAllgather/3.1D_contig
[0;32m[       OK ] [mAllgather/3.1D_contig (0 ms)
[0;32m[----------] [m2 tests from Allgather/3 (0 ms total)

[0;32m[----------] [m2 tests from Allgather/4, where TypeParam = Kokkos::complex<float>
[0;32m[ RUN      ] [mAllgather/4.0D
[0;32m[       OK ] [mAllgather/4.0D (0 ms)
[0;32m[ RUN      ] [mAllgather/4.1D_contig
[0;32m[       OK ] [mAllgather/4.1D_contig (0 ms)
[0;32m[----------] [m2 tests from Allgather/4 (0 ms total)

[0;32m[----------] [m2 tests from Allgather/5, where TypeParam = Kokkos::complex<double>
[0;32m[ RUN      ] [mAllgather/5.0D
[0;32m[       OK ] [mAllgather/5.0D (0 ms)
[0;32m[ RUN      ] [mAllgather/5.1D_contig
[0;32m[       OK ] [mAllgather/5.1D_contig (0 ms)
[0;32m[----------] [m2 tests from Allgather/5 (0 ms total)

[0;32m[----------] [mGlobal test environment tear-down
[0;32m[==========] [m12 tests from 6 test suites ran. (0 ms total)
[0;32m[  PASSED  ] [m12 tests.
<end of output>
Test time =   0.34 sec
----------------------------------------------------------
Test Passed.
"test-allgather" end time: Nov 04 19:44 CST
"test-allgather" time elapsed: 00:00:00
----------------------------------------------------------

10/13 Testing: test-channel
10/13 Test: test-channel
Command: "/usr/bin/mpiexec" "-n" "2" "./test-channel"
Directory: /home/research1/repos/kokkos-comm/build/unit_tests
"test-channel" start time: Nov 04 19:44 CST
Output:
----------------------------------------------------------
./test-channel (KokkosComm 0.2.0) with 2 ranks
[0;32m[==========] [mRunning 12 tests from 6 test suites.
[0;32m[----------] [mGlobal test environment set-up.
[0;32m[----------] [m2 tests from ChannelSendRecv/0, where TypeParam = int
[0;32m[ RUN      ] [mChannelSendRecv/0.1D_contig_sendrecv_hostspace
[0;32m[       OK ] [mChannelSendRecv/0.1D_contig_sendrecv_hostspace (0 ms)
[0;32m[ RUN      ] [mChannelSendRecv/0.1D_contig_sendrecv_execspace

[  INFO ] /home/research1/repos/kokkos-comm/unit_tests/mpi/test_channel.cpp:99:: Kokkos Execution Space: Serial

[  INFO ] /home/research1/repos/kokkos-comm/unit_tests/mpi/test_channel.cpp:99:: Kokkos Execution Space: Serial
[0;32m[       OK ] [mChannelSendRecv/0.1D_contig_sendrecv_execspace (0 ms)
[0;32m[----------] [m2 tests from ChannelSendRecv/0 (0 ms total)

[0;32m[----------] [m2 tests from ChannelSendRecv/1, where TypeParam = long
[0;32m[ RUN      ] [mChannelSendRecv/1.1D_contig_sendrecv_hostspace

[  INFO ] /home/research1/repos/kokkos-comm/unit_tests/mpi/test_channel.cpp:99:: Kokkos Execution Space: Serial

[  INFO ] /home/research1/repos/kokkos-comm/unit_tests/mpi/test_channel.cpp:99:: Kokkos Execution Space: Serial
[0;32m[       OK ] [mChannelSendRecv/1.1D_contig_sendrecv_hostspace (0 ms)
[0;32m[ RUN      ] [mChannelSendRecv/1.1D_contig_sendrecv_execspace
[0;32m[       OK ] [mChannelSendRecv/1.1D_contig_sendrecv_execspace (0 ms)
[0;32m[----------] [m2 tests from ChannelSendRecv/1 (0 ms total)

[0;32m[----------] [m2 tests from ChannelSendRecv/2, where TypeParam = float
[0;32m[ RUN      ] [mChannelSendRecv/2.1D_contig_sendrecv_hostspace
[0;32m[       OK ] [mChannelSendRecv/2.1D_contig_sendrecv_hostspace (0 ms)
[0;32m[ RUN      ] [mChannelSendRecv/2.1D_contig_sendrecv_execspace

[  INFO ] /home/research1/repos/kokkos-comm/unit_tests/mpi/test_channel.cpp:99:: Kokkos Execution Space: Serial

[  INFO ] /home/research1/repos/kokkos-comm/unit_tests/mpi/test_channel.cpp:99:: Kokkos Execution Space: [0;32m[       OK ] [mChannelSendRecv/2.1D_contig_sendrecv_execspace (0 ms)
[0;32m[----------] [m2 tests from ChannelSendRecv/2 (0 ms total)

[0;32m[----------] [m2 tests from ChannelSendRecv/3, where TypeParam = double
[0;32m[ RUN      ] [mChannelSendRecv/3.1D_contig_sendrecv_hostspace
[0;32m[       OK ] [mChannelSendRecv/3.1D_contig_sendrecv_hostspace (0 ms)
[0;32m[ RUN      ] [mChannelSendRecv/3.1D_contig_sendrecv_execspace
[0;32m[       OK ] [mChannelSendRecv/3.1D_contig_sendrecv_execspace (0 ms)
[0;32m[----------] [m2 tests from ChannelSendRecv/3 (0 ms total)

[0;32m[----------] [m2 tests from ChannelSendRecv/4, where TypeParam = Kokkos::complex<float>
[0;32m[ RUN      ] [mChannelSendRecv/4.1D_contig_sendrecv_hostspace
[0;32m[       OK ] [mChannelSendRecv/4.1D_contig_sendrecv_hostspace (0 ms)
[0;32m[ RUN      ] [mChannelSendRecv/4.1D_contig_sendrecv_execspace
[0;32m[       OK ] [mChannelSendRecv/4.1D_contig_sendrecv_execspace (0 ms)
[0;32m[----------] [m2 tests from ChannelSendRecv/4 (0 ms total)

[0;32m[----------] [m2 tests from ChannelSendRecv/5, where TypeParam = Kokkos::complex<double>
[0;32m[ RUN      ] [mChannelSendRecv/5.1D_contig_sendrecv_hostspace

[  INFO ] /home/research1/repos/kokkos-comm/unit_tests/mpi/test_channel.cpp:99:: Kokkos Execution Space: Serial

[  INFO ] /home/research1/repos/kokkos-comm/unit_tests/mpi/test_channel.cpp:99:: Kokkos Execution Space: Serial
Serial

[  INFO ] /home/research1/repos/kokkos-comm/unit_tests/mpi/test_channel.cpp:99:: Kokkos Execution Space: Serial

[  INFO ] /home/research1/repos/kokkos-comm/unit_tests/mpi/test_channel.cpp:99:: Kokkos Execution Space: Serial

[  INFO ] /home/research1/repos/kokkos-comm/unit_tests/mpi/test_channel.cpp:99:: Kokkos Execution Space: Serial

[  INFO ][0;32m[       OK ] [mChannelSendRecv/5.1D_contig_sendrecv_hostspace (0 ms)
[0;32m[ RUN      ] [mChannelSendRecv/5.1D_contig_sendrecv_execspace
 /home/research1/repos/kokkos-comm/unit_tests/mpi/test_channel.cpp:99:: Kokkos Execution Space: Serial
[0;32m[       OK ] [mChannelSendRecv/5.1D_contig_sendrecv_execspace (0 ms)
[0;32m[----------] [m2 tests from ChannelSendRecv/5 (0 ms total)

[0;32m[----------] [mGlobal test environment tear-down
[0;32m[==========] [m12 tests from 6 test suites ran. (0 ms total)
[0;32m[  PASSED  ] [m12 tests.
<end of output>
Test time =   0.35 sec
----------------------------------------------------------
Test Passed.
"test-channel" end time: Nov 04 19:44 CST
"test-channel" time elapsed: 00:00:00
----------------------------------------------------------

11/13 Testing: test-window
11/13 Test: test-window
Command: "/usr/bin/mpiexec" "-n" "2" "./test-window"
Directory: /home/research1/repos/kokkos-comm/build/unit_tests
"test-window" start time: Nov 04 19:44 CST
Output:
----------------------------------------------------------
./test-window (KokkosComm 0.2.0) with 2 ranks
[0;32m[==========] [mRunning 6 tests from 6 test suites.
[0;32m[----------] [mGlobal test environment set-up.
[0;32m[----------] [m1 test from WindowTest/0, where TypeParam = int
[0;32m[ RUN      ] [mWindowTest/0.1D_contig_window
[0;32m[       OK ] [mWindowTest/0.1D_contig_window (0 ms)
[0;32m[----------] [m1 test from WindowTest/0 (0 ms total)

[0;32m[----------] [m1 test from WindowTest/1, where TypeParam = long
[0;32m[ RUN      ] [mWindowTest/1.1D_contig_window
[0;32m[       OK ] [mWindowTest/1.1D_contig_window (0 ms)
[0;32m[----------] [m1 test from WindowTest/1 (0 ms total)

[0;32m[----------] [m1 test from WindowTest/2, where TypeParam = float
[0;32m[ RUN      ] [mWindowTest/2.1D_contig_window
[0;32m[       OK ] [mWindowTest/2.1D_contig_window (0 ms)
[0;32m[----------] [m1 test from WindowTest/2 (0 ms total)

[0;32m[----------] [m1 test from WindowTest/3, where TypeParam = double
[0;32m[ RUN      ] [mWindowTest/3.1D_contig_window
[0;32m[       OK ] [mWindowTest/3.1D_contig_window (0 ms)
[0;32m[----------] [m1 test from WindowTest/3 (0 ms total)

[0;32m[----------] [m1 test from WindowTest/4, where TypeParam = Kokkos::complex<float>
[0;32m[ RUN      ] [mWindowTest/4.1D_contig_window
/home/research1/repos/kokkos-comm/unit_tests/mpi/test_window.cpp:51: Skipped
Complex types not yet supported

[0;32m[  SKIPPED ] [mWindowTest/4.1D_contig_window (0 ms)
[0;32m[----------] [m1 test from WindowTest/4 (0 ms total)

[0;32m[----------] [m1 test from WindowTest/5, where TypeParam = Kokkos::complex<double>
[0;32m[ RUN      ] [mWindowTest/5.1D_contig_window
/home/research1/repos/kokkos-comm/unit_tests/mpi/test_window.cpp:51: Skipped
Complex types not yet supported

[0;32m[  SKIPPED ] [mWindowTest/5.1D_contig_window (0 ms)
[0;32m[----------] [m1 test from WindowTest/5 (0 ms total)

[0;32m[----------] [mGlobal test environment tear-down
[0;32m[==========] [m6 tests from 6 test suites ran. (1 ms total)
[0;32m[  PASSED  ] [m4 tests.
[0;32m[  SKIPPED ] [m2 tests, listed below:
[0;32m[  SKIPPED ] [mWindowTest/4.1D_contig_window
[0;32m[  SKIPPED ] [mWindowTest/5.1D_contig_window
<end of output>
Test time =   0.34 sec
----------------------------------------------------------
Test Passed.
"test-window" end time: Nov 04 19:44 CST
"test-window" time elapsed: 00:00:00
----------------------------------------------------------

12/13 Testing: test_lock_unlock
12/13 Test: test_lock_unlock
Command: "/usr/bin/mpiexec" "-n" "2" "./test_lock_unlock"
Directory: /home/research1/repos/kokkos-comm/build/unit_tests
"test_lock_unlock" start time: Nov 04 19:44 CST
Output:
----------------------------------------------------------
./test_lock_unlock (KokkosComm 0.2.0) with 2 ranks
[0;32m[==========] [mRunning 3 tests from 1 test suite.
[0;32m[----------] [mGlobal test environment set-up.
[0;32m[----------] [m3 tests from LockUnlockTest
[0;32m[ RUN      ] [mLockUnlockTest.ExclusivePut
[0;32m[       OK ] [mLockUnlockTest.ExclusivePut (0 ms)
[0;32m[ RUN      ] [mLockUnlockTest.SharedGet
/home/research1/repos/kokkos-comm/unit_tests/mpi/test_lock_unlock.cpp:62: Skipped
This test requires at least 3 MPI processes

[0;32m[  SKIPPED ] [mLockUnlockTest.SharedGet (0 ms)
[0;32m[ RUN      ] [mLockUnlockTest.MultipleElements
[0;32m[       OK ] [mLockUnlockTest.MultipleElements (0 ms)
[0;32m[----------] [m3 tests from LockUnlockTest (0 ms total)

[0;32m[----------] [mGlobal test environment tear-down
[0;32m[==========] [m3 tests from 1 test suite ran. (0 ms total)
[0;32m[  PASSED  ] [m2 tests.
[0;32m[  SKIPPED ] [m1 test, listed below:
[0;32m[  SKIPPED ] [mLockUnlockTest.SharedGet
<end of output>
Test time =   0.34 sec
----------------------------------------------------------
Test Passed.
"test_lock_unlock" end time: Nov 04 19:44 CST
"test_lock_unlock" time elapsed: 00:00:00
----------------------------------------------------------

13/13 Testing: perf-test-main
13/13 Test: perf-test-main
Command: "/usr/bin/mpiexec" "-n" "2" "./perf-test-main"
Directory: /home/research1/repos/kokkos-comm/build/perf_tests/mpi
"perf-test-main" start time: Nov 04 19:44 CST
Output:
----------------------------------------------------------
2025-11-04T19:44:26-06:00
Running ./perf-test-main
Run on (32 X 4491.46 MHz CPU s)
CPU Caches:
  L1 Data 32 KiB (x16)
  L1 Instruction 32 KiB (x16)
  L2 Unified 1024 KiB (x16)
  L3 Unified 32768 KiB (x1)
Load Average: 2.44, 0.87, 0.62
***WARNING*** Library was built as DEBUG. Timings may be affected.
-------------------------------------------------------------------------------------------------------------------------------
Benchmark                                                                     Time             CPU   Iterations UserCounters...
-------------------------------------------------------------------------------------------------------------------------------
[0;32mbenchmark_sendrecv/manual_time                                       [m[0;33m      1.42 ms         1.31 ms   [m[0;36m       354[m bytes_per_second=10.4879Gi/s[m
[m[0;32mbenchmark_channel_sendrecv/manual_time                               [m[0;33m     0.707 ms        0.662 ms   [m[0;36m       992[m bytes_per_second=21.085Gi/s[m
[m[0;32mbenchmark_2dhalo/manual_time                                         [m[0;33m     0.533 ms        0.493 ms   [m[0;36m      1160[m active_ranks=1[m bytes_per_second=175.802Mi/s[m nx=512[m
[m[0;32mbenchmark_osu_latency_KokkosComm_sendrecv/1/manual_time              [m[0;33m     0.803 us         1.12 us   [m[0;36m    814401[m bytes=2[m
[m[0;32mbenchmark_osu_latency_KokkosComm_sendrecv/8/manual_time              [m[0;33m     0.803 us         1.13 us   [m[0;36m    871822[m bytes=16[m
[m[0;32mbenchmark_osu_latency_KokkosComm_sendrecv/64/manual_time             [m[0;33m     0.794 us         1.09 us   [m[0;36m    902381[m bytes=128[m
[m[0;32mbenchmark_osu_latency_KokkosComm_sendrecv/512/manual_time            [m[0;33m      1.06 us         1.35 us   [m[0;36m    662278[m bytes=1.024k[m
[m[0;32mbenchmark_osu_latency_KokkosComm_sendrecv/4096/manual_time           [m[0;33m      3.09 us         3.27 us   [m[0;36m    220994[m bytes=8.192k[m
[m[0;32mbenchmark_osu_latency_KokkosComm_sendrecv/32768/manual_time          [m[0;33m      4.82 us         4.85 us   [m[0;36m    139814[m bytes=65.536k[m
[m[0;32mbenchmark_osu_latency_KokkosComm_sendrecv/262144/manual_time         [m[0;33m      19.3 us         18.3 us   [m[0;36m     36658[m bytes=524.288k[m
[m[0;32mbenchmark_osu_latency_KokkosComm_sendrecv/2097152/manual_time        [m[0;33m       136 us          126 us   [m[0;36m      5053[m bytes=4.1943M[m
[m[0;32mbenchmark_osu_latency_KokkosComm_sendrecv/16777216/manual_time       [m[0;33m      2165 us         2003 us   [m[0;36m       307[m bytes=33.5544M[m
[m[0;32mbenchmark_osu_latency_KokkosComm_sendrecv/134217728/manual_time      [m[0;33m     20713 us        19135 us   [m[0;36m        33[m bytes=268.435M[m
[m[0;32mbenchmark_osu_latency_KokkosComm_sendrecv/268435456/manual_time      [m[0;33m     39293 us        36287 us   [m[0;36m        17[m bytes=536.871M[m
[m[0;32mbenchmark_osu_latency_Kokkos_Comm_mpi_sendrecv/1/manual_time         [m[0;33m     0.465 us        0.756 us   [m[0;36m   1525118[m bytes=2[m
[m[0;32mbenchmark_osu_latency_Kokkos_Comm_mpi_sendrecv/8/manual_time         [m[0;33m     0.493 us        0.796 us   [m[0;36m   1413852[m bytes=16[m
[m[0;32mbenchmark_osu_latency_Kokkos_Comm_mpi_sendrecv/64/manual_time        [m[0;33m     0.494 us        0.784 us   [m[0;36m   1450037[m bytes=128[m
[m[0;32mbenchmark_osu_latency_Kokkos_Comm_mpi_sendrecv/512/manual_time       [m[0;33m     0.697 us        0.991 us   [m[0;36m   1180388[m bytes=1.024k[m
[m[0;32mbenchmark_osu_latency_Kokkos_Comm_mpi_sendrecv/4096/manual_time      [m[0;33m      2.69 us         2.86 us   [m[0;36m    264108[m bytes=8.192k[m
[m[0;32mbenchmark_osu_latency_Kokkos_Comm_mpi_sendrecv/32768/manual_time     [m[0;33m      4.29 us         4.34 us   [m[0;36m    158771[m bytes=65.536k[m
[m[0;32mbenchmark_osu_latency_Kokkos_Comm_mpi_sendrecv/262144/manual_time    [m[0;33m      18.9 us         17.9 us   [m[0;36m     39798[m bytes=524.288k[m
[m[0;32mbenchmark_osu_latency_Kokkos_Comm_mpi_sendrecv/2097152/manual_time   [m[0;33m       135 us          125 us   [m[0;36m      5242[m bytes=4.1943M[m
[m[0;32mbenchmark_osu_latency_Kokkos_Comm_mpi_sendrecv/16777216/manual_time  [m[0;33m      2243 us         2076 us   [m[0;36m       322[m bytes=33.5544M[m
[m[0;32mbenchmark_osu_latency_Kokkos_Comm_mpi_sendrecv/134217728/manual_time [m[0;33m     19767 us        18493 us   [m[0;36m        33[m bytes=268.435M[m
[m[0;32mbenchmark_osu_latency_Kokkos_Comm_mpi_sendrecv/268435456/manual_time [m[0;33m     42509 us        39050 us   [m[0;36m        18[m bytes=536.871M[m
[m[0;32mbenchmark_osu_latency_MPI_isendirecv/1/manual_time                   [m[0;33m     0.241 us        0.484 us   [m[0;36m   3085507[m bytes=2[m
[m[0;32mbenchmark_osu_latency_MPI_isendirecv/8/manual_time                   [m[0;33m     0.252 us        0.501 us   [m[0;36m   2572164[m bytes=16[m
[m[0;32mbenchmark_osu_latency_MPI_isendirecv/64/manual_time                  [m[0;33m     0.273 us        0.516 us   [m[0;36m   2582889[m bytes=128[m
[m[0;32mbenchmark_osu_latency_MPI_isendirecv/512/manual_time                 [m[0;33m     0.436 us        0.709 us   [m[0;36m   1593866[m bytes=1.024k[m
[m[0;32mbenchmark_osu_latency_MPI_isendirecv/4096/manual_time                [m[0;33m      2.37 us         2.50 us   [m[0;36m    301041[m bytes=8.192k[m
[m[0;32mbenchmark_osu_latency_MPI_isendirecv/32768/manual_time               [m[0;33m      4.13 us         4.15 us   [m[0;36m    168281[m bytes=65.536k[m
[m[0;32mbenchmark_osu_latency_MPI_isendirecv/262144/manual_time              [m[0;33m      18.2 us         17.2 us   [m[0;36m     38399[m bytes=524.288k[m
[m[0;32mbenchmark_osu_latency_MPI_isendirecv/2097152/manual_time             [m[0;33m       135 us          125 us   [m[0;36m      5213[m bytes=4.1943M[m
[m[0;32mbenchmark_osu_latency_MPI_isendirecv/16777216/manual_time            [m[0;33m      2274 us         2103 us   [m[0;36m       318[m bytes=33.5544M[m
[m[0;32mbenchmark_osu_latency_MPI_isendirecv/134217728/manual_time           [m[0;33m     21014 us        19411 us   [m[0;36m        33[m bytes=268.435M[m
[m[0;32mbenchmark_osu_latency_MPI_isendirecv/268435456/manual_time           [m[0;33m     39954 us        36759 us   [m[0;36m        17[m bytes=536.871M[m
[m[0;32mbenchmark_osu_latency_MPI_sendrecv/1/manual_time                     [m[0;33m     0.285 us        0.541 us   [m[0;36m   2612382[m bytes=2[m
[m[0;32mbenchmark_osu_latency_MPI_sendrecv/8/manual_time                     [m[0;33m     0.239 us        0.480 us   [m[0;36m   2202904[m bytes=16[m
[m[0;32mbenchmark_osu_latency_MPI_sendrecv/64/manual_time                    [m[0;33m     0.248 us        0.485 us   [m[0;36m   2266526[m bytes=128[m
[m[0;32mbenchmark_osu_latency_MPI_sendrecv/512/manual_time                   [m[0;33m     0.419 us        0.692 us   [m[0;36m   1556012[m bytes=1.024k[m
[m[0;32mbenchmark_osu_latency_MPI_sendrecv/4096/manual_time                  [m[0;33m      2.37 us         2.50 us   [m[0;36m    289283[m bytes=8.192k[m
[m[0;32mbenchmark_osu_latency_MPI_sendrecv/32768/manual_time                 [m[0;33m      4.18 us         4.21 us   [m[0;36m    172417[m bytes=65.536k[m
[m[0;32mbenchmark_osu_latency_MPI_sendrecv/262144/manual_time                [m[0;33m      17.5 us         16.5 us   [m[0;36m     39770[m bytes=524.288k[m
[m[0;32mbenchmark_osu_latency_MPI_sendrecv/2097152/manual_time               [m[0;33m       134 us          124 us   [m[0;36m      5104[m bytes=4.1943M[m
[m[0;32mbenchmark_osu_latency_MPI_sendrecv/16777216/manual_time              [m[0;33m      2237 us         2068 us   [m[0;36m       318[m bytes=33.5544M[m
[m[0;32mbenchmark_osu_latency_MPI_sendrecv/134217728/manual_time             [m[0;33m     20503 us        18876 us   [m[0;36m        33[m bytes=268.435M[m
[m[0;32mbenchmark_osu_latency_MPI_sendrecv/268435456/manual_time             [m[0;33m     39662 us        36563 us   [m[0;36m        17[m bytes=536.871M[m
[m[0;32mbenchmark_lock_unlock_put/1/manual_time                              [m[0;33m      2.13 us         2.30 us   [m[0;36m    325144[m bytes_per_second=3.57879Mi/s[m
[m[0;32mbenchmark_lock_unlock_put/8/manual_time                              [m[0;33m      2.11 us         2.28 us   [m[0;36m    332451[m bytes_per_second=28.9319Mi/s[m
[m[0;32mbenchmark_lock_unlock_put/64/manual_time                             [m[0;33m      2.09 us         2.24 us   [m[0;36m    345433[m bytes_per_second=233.963Mi/s[m
[m[0;32mbenchmark_lock_unlock_put/512/manual_time                            [m[0;33m      2.47 us         2.63 us   [m[0;36m    289046[m bytes_per_second=1.54639Gi/s[m
[m[0;32mbenchmark_lock_unlock_put/4096/manual_time                           [m[0;33m      4.18 us         4.18 us   [m[0;36m    168712[m bytes_per_second=7.30765Gi/s[m
[m[0;32mbenchmark_lock_unlock_put/32768/manual_time                          [m[0;33m      18.0 us         17.0 us   [m[0;36m     39052[m bytes_per_second=13.5465Gi/s[m
[m[0;32mbenchmark_lock_unlock_put/262144/manual_time                         [m[0;33m       136 us          126 us   [m[0;36m      5133[m bytes_per_second=14.4102Gi/s[m
[m[0;32mbenchmark_lock_unlock_shared_get/1/manual_time                       [m[0;31mERROR OCCURRED: 'benchmark_lock_unlock_shared_get needs at least 3 ranks'[m
[m[0;32mbenchmark_lock_unlock_shared_get/8/manual_time                       [m[0;31mERROR OCCURRED: 'benchmark_lock_unlock_shared_get needs at least 3 ranks'[m
[m[0;32mbenchmark_lock_unlock_shared_get/64/manual_time                      [m[0;31mERROR OCCURRED: 'benchmark_lock_unlock_shared_get needs at least 3 ranks'[m
[m[0;32mbenchmark_lock_unlock_shared_get/512/manual_time                     [m[0;31mERROR OCCURRED: 'benchmark_lock_unlock_shared_get needs at least 3 ranks'[m
[m[0;32mbenchmark_lock_unlock_shared_get/4096/manual_time                    [m[0;31mERROR OCCURRED: 'benchmark_lock_unlock_shared_get needs at least 3 ranks'[m
[m[0;32mbenchmark_lock_unlock_shared_get/32768/manual_time                   [m[0;31mERROR OCCURRED: 'benchmark_lock_unlock_shared_get needs at least 3 ranks'[m
[m[0;32mbenchmark_lock_unlock_shared_get/262144/manual_time                  [m[0;31mERROR OCCURRED: 'benchmark_lock_unlock_shared_get needs at least 3 ranks'[m
[m[0;32mbenchmark_fence_put/1/manual_time                                    [m[0;33m      2.28 us         2.43 us   [m[0;36m    314001[m bytes_per_second=3.35271Mi/s[m
[m[0;32mbenchmark_fence_put/8/manual_time                                    [m[0;33m      2.18 us         2.33 us   [m[0;36m    309785[m bytes_per_second=27.9399Mi/s[m
[m[0;32mbenchmark_fence_put/64/manual_time                                   [m[0;33m      2.31 us         2.47 us   [m[0;36m    308286[m bytes_per_second=211.788Mi/s[m
[m[0;32mbenchmark_fence_put/512/manual_time                                  [m[0;33m      2.52 us         2.64 us   [m[0;36m    289514[m bytes_per_second=1.51662Gi/s[m
[m[0;32mbenchmark_fence_put/4096/manual_time                                 [m[0;33m      4.37 us         4.39 us   [m[0;36m    167662[m bytes_per_second=6.98534Gi/s[m
[m[0;32mbenchmark_fence_put/32768/manual_time                                [m[0;33m      18.1 us         17.0 us   [m[0;36m     38659[m bytes_per_second=13.508Gi/s[m
[m[0;32mbenchmark_fence_put/262144/manual_time                               [m[0;33m       135 us          125 us   [m[0;36m      5063[m bytes_per_second=14.4879Gi/s[m
[m[0;32mbenchmark_sendrecv_comparison/1/manual_time                          [m[0;33m     0.296 us        0.599 us   [m[0;36m   2778022[m bytes_per_second=51.4957Mi/s[m
[m[0;32mbenchmark_sendrecv_comparison/8/manual_time                          [m[0;33m     0.294 us        0.584 us   [m[0;36m   2886484[m bytes_per_second=415.604Mi/s[m
[m[0;32mbenchmark_sendrecv_comparison/64/manual_time                         [m[0;33m     0.481 us        0.777 us   [m[0;36m   1309505[m bytes_per_second=1.98307Gi/s[m
[m[0;32mbenchmark_sendrecv_comparison/512/manual_time                        [m[0;33m      2.45 us         2.61 us   [m[0;36m    296773[m bytes_per_second=3.11481Gi/s[m
[m[0;32mbenchmark_sendrecv_comparison/4096/manual_time                       [m[0;33m      4.10 us         4.31 us   [m[0;36m    169926[m bytes_per_second=14.8962Gi/s[m
[m[0;32mbenchmark_sendrecv_comparison/32768/manual_time                      [m[0;33m      17.7 us         16.7 us   [m[0;36m     41178[m bytes_per_second=27.6321Gi/s[m
[m[0;32mbenchmark_sendrecv_comparison/262144/manual_time                     [m[0;33m       134 us          124 us   [m[0;36m      5247[m bytes_per_second=29.187Gi/s[m
[m
<end of output>
Test time =  88.47 sec
----------------------------------------------------------
Test Passed.
"perf-test-main" end time: Nov 04 19:45 CST
"perf-test-main" time elapsed: 00:01:28
----------------------------------------------------------

End testing: Nov 04 19:45 CST
